<?xml version="1.0" encoding="UTF-8"?>
<!-- Generated by org.testng.reporters.JUnitReportReporter -->
<testsuite hostname="Amulya" failures="0" tests="3" name="cucumberOptns.TestNGTestRunner" time="40.440" errors="0" timestamp="2023-01-20T10:41:07 IST" skipped="0">
  <testcase classname="cucumberOptns.TestNGTestRunner" name="runScenario" time="13.445"/>
  <system-out/>
  <testcase classname="cucumberOptns.TestNGTestRunner" name="runScenario" time="13.505"/>
  <system-out/>
  <testcase classname="cucumberOptns.TestNGTestRunner" name="runScenario" time="13.490"/>
  <system-out/>
</testsuite> <!-- cucumberOptns.TestNGTestRunner -->
